<?xml version="1.0" encoding="UTF-8"?>
<!-- Generated by org.testng.reporters.JUnitXMLReporter -->
<testsuite hostname="DESKTOP-58DHS7N" ignored="2" name="CreateFamily" tests="1" failures="0" timestamp="15 Jun 2018 22:04:06 GMT" time="8.108" errors="0">
  <testcase name="createFamily" time="2.976" classname="ameriStudent.test.Navigation"/>
  <testcase name="searchMapByName" time="0.0" classname="ameriStudent.test.Navigation">
    <ignored/>
  </testcase> <!-- searchMapByName -->
  <testcase name="DeleteFamily" time="0.0" classname="ameriStudent.test.Navigation">
    <ignored/>
  </testcase> <!-- DeleteFamily -->
</testsuite> <!-- CreateFamily -->
