<?xml version="1.0" encoding="UTF-8"?>
<!-- Generated by org.testng.reporters.JUnitXMLReporter -->
<testsuite hostname="DESKTOP-58DHS7N" ignored="2" name="Default test" tests="1" failures="0" timestamp="02 Jul 2018 21:07:24 GMT" time="10.864" errors="0">
  <testcase name="createFamily" time="3.441" classname="ameriStudent.test.Navigation"/>
  <testcase name="searchMapByName" time="0.0" classname="ameriStudent.test.Navigation">
    <ignored/>
  </testcase> <!-- searchMapByName -->
  <testcase name="DeleteFamily" time="0.0" classname="ameriStudent.test.Navigation">
    <ignored/>
  </testcase> <!-- DeleteFamily -->
</testsuite> <!-- Default test -->
